{"/home/mariano/Documentos/Dev/UP/ArquitecturaWeb/vuintracker/backend/src/app.js": {"path":"/home/mariano/Documentos/Dev/UP/ArquitecturaWeb/vuintracker/backend/src/app.js","statementMap":{"0":{"start":{"line":5,"column":12},"end":{"line":5,"column":21}},"1":{"start":{"line":6,"column":13},"end":{"line":6,"column":17}},"2":{"start":{"line":9,"column":0},"end":{"line":9,"column":24}},"3":{"start":{"line":12,"column":0},"end":{"line":20,"column":3}},"4":{"start":{"line":13,"column":2},"end":{"line":13,"column":49}},"5":{"start":{"line":14,"column":2},"end":{"line":14,"column":80}},"6":{"start":{"line":15,"column":2},"end":{"line":15,"column":95}},"7":{"start":{"line":16,"column":2},"end":{"line":18,"column":3}},"8":{"start":{"line":17,"column":4},"end":{"line":17,"column":33}},"9":{"start":{"line":19,"column":2},"end":{"line":19,"column":9}},"10":{"start":{"line":23,"column":0},"end":{"line":23,"column":15}},"11":{"start":{"line":26,"column":0},"end":{"line":26,"column":32}},"12":{"start":{"line":29,"column":0},"end":{"line":33,"column":1}},"13":{"start":{"line":30,"column":2},"end":{"line":32,"column":5}},"14":{"start":{"line":31,"column":4},"end":{"line":31,"column":89}}},"fnMap":{"0":{"name":"(anonymous_0)","decl":{"start":{"line":12,"column":8},"end":{"line":12,"column":9}},"loc":{"start":{"line":12,"column":28},"end":{"line":20,"column":1}},"line":12},"1":{"name":"(anonymous_1)","decl":{"start":{"line":30,"column":19},"end":{"line":30,"column":20}},"loc":{"start":{"line":30,"column":25},"end":{"line":32,"column":3}},"line":30}},"branchMap":{"0":{"loc":{"start":{"line":16,"column":2},"end":{"line":18,"column":3}},"type":"if","locations":[{"start":{"line":16,"column":2},"end":{"line":18,"column":3}},{"start":{},"end":{}}],"line":16},"1":{"loc":{"start":{"line":29,"column":0},"end":{"line":33,"column":1}},"type":"if","locations":[{"start":{"line":29,"column":0},"end":{"line":33,"column":1}},{"start":{},"end":{}}],"line":29}},"s":{"0":1,"1":1,"2":1,"3":1,"4":17,"5":17,"6":17,"7":17,"8":0,"9":17,"10":1,"11":1,"12":1,"13":0,"14":0},"f":{"0":17,"1":0},"b":{"0":[0,17],"1":[0,1]},"inputSourceMap":null,"_coverageSchema":"1a1c01bbd47fc00a2c39e90264f33305004495a9","hash":"75940dfda8bdd383a8e575c476d4d63c6c8d0f17"}
,"/home/mariano/Documentos/Dev/UP/ArquitecturaWeb/vuintracker/backend/src/controllers/findingsController.js": {"path":"/home/mariano/Documentos/Dev/UP/ArquitecturaWeb/vuintracker/backend/src/controllers/findingsController.js","statementMap":{"0":{"start":{"line":3,"column":34},"end":{"line":100,"column":1}},"1":{"start":{"line":6,"column":4},"end":{"line":12,"column":5}},"2":{"start":{"line":7,"column":35},"end":{"line":7,"column":44}},"3":{"start":{"line":8,"column":23},"end":{"line":8,"column":67}},"4":{"start":{"line":9,"column":6},"end":{"line":9,"column":44}},"5":{"start":{"line":11,"column":6},"end":{"line":11,"column":75}},"6":{"start":{"line":17,"column":4},"end":{"line":28,"column":5}},"7":{"start":{"line":18,"column":21},"end":{"line":18,"column":31}},"8":{"start":{"line":19,"column":22},"end":{"line":19,"column":49}},"9":{"start":{"line":21,"column":6},"end":{"line":23,"column":7}},"10":{"start":{"line":22,"column":8},"end":{"line":22,"column":73}},"11":{"start":{"line":25,"column":6},"end":{"line":25,"column":43}},"12":{"start":{"line":27,"column":6},"end":{"line":27,"column":75}},"13":{"start":{"line":33,"column":4},"end":{"line":56,"column":5}},"14":{"start":{"line":34,"column":61},"end":{"line":34,"column":69}},"15":{"start":{"line":37,"column":6},"end":{"line":39,"column":7}},"16":{"start":{"line":38,"column":8},"end":{"line":38,"column":117}},"17":{"start":{"line":42,"column":30},"end":{"line":42,"column":75}},"18":{"start":{"line":43,"column":28},"end":{"line":43,"column":63}},"19":{"start":{"line":45,"column":6},"end":{"line":47,"column":7}},"20":{"start":{"line":46,"column":8},"end":{"line":46,"column":69}},"21":{"start":{"line":48,"column":6},"end":{"line":50,"column":7}},"22":{"start":{"line":49,"column":8},"end":{"line":49,"column":66}},"23":{"start":{"line":52,"column":25},"end":{"line":52,"column":95}},"24":{"start":{"line":53,"column":6},"end":{"line":53,"column":46}},"25":{"start":{"line":55,"column":6},"end":{"line":55,"column":75}},"26":{"start":{"line":61,"column":4},"end":{"line":72,"column":5}},"27":{"start":{"line":62,"column":21},"end":{"line":62,"column":31}},"28":{"start":{"line":63,"column":22},"end":{"line":63,"column":58}},"29":{"start":{"line":65,"column":6},"end":{"line":67,"column":7}},"30":{"start":{"line":66,"column":8},"end":{"line":66,"column":89}},"31":{"start":{"line":69,"column":6},"end":{"line":69,"column":43}},"32":{"start":{"line":71,"column":6},"end":{"line":71,"column":75}},"33":{"start":{"line":77,"column":4},"end":{"line":88,"column":5}},"34":{"start":{"line":78,"column":21},"end":{"line":78,"column":31}},"35":{"start":{"line":79,"column":22},"end":{"line":79,"column":48}},"36":{"start":{"line":81,"column":6},"end":{"line":83,"column":7}},"37":{"start":{"line":82,"column":8},"end":{"line":82,"column":87}},"38":{"start":{"line":85,"column":6},"end":{"line":85,"column":36}},"39":{"start":{"line":87,"column":6},"end":{"line":87,"column":75}},"40":{"start":{"line":93,"column":4},"end":{"line":98,"column":5}},"41":{"start":{"line":94,"column":20},"end":{"line":94,"column":46}},"42":{"start":{"line":95,"column":6},"end":{"line":95,"column":41}},"43":{"start":{"line":97,"column":6},"end":{"line":97,"column":75}}},"fnMap":{"0":{"name":"(anonymous_0)","decl":{"start":{"line":5,"column":10},"end":{"line":5,"column":11}},"loc":{"start":{"line":5,"column":24},"end":{"line":13,"column":3}},"line":5},"1":{"name":"(anonymous_1)","decl":{"start":{"line":16,"column":11},"end":{"line":16,"column":12}},"loc":{"start":{"line":16,"column":25},"end":{"line":29,"column":3}},"line":16},"2":{"name":"(anonymous_2)","decl":{"start":{"line":32,"column":10},"end":{"line":32,"column":11}},"loc":{"start":{"line":32,"column":24},"end":{"line":57,"column":3}},"line":32},"3":{"name":"(anonymous_3)","decl":{"start":{"line":60,"column":10},"end":{"line":60,"column":11}},"loc":{"start":{"line":60,"column":24},"end":{"line":73,"column":3}},"line":60},"4":{"name":"(anonymous_4)","decl":{"start":{"line":76,"column":10},"end":{"line":76,"column":11}},"loc":{"start":{"line":76,"column":24},"end":{"line":89,"column":3}},"line":76},"5":{"name":"(anonymous_5)","decl":{"start":{"line":92,"column":12},"end":{"line":92,"column":13}},"loc":{"start":{"line":92,"column":26},"end":{"line":99,"column":3}},"line":92}},"branchMap":{"0":{"loc":{"start":{"line":21,"column":6},"end":{"line":23,"column":7}},"type":"if","locations":[{"start":{"line":21,"column":6},"end":{"line":23,"column":7}},{"start":{},"end":{}}],"line":21},"1":{"loc":{"start":{"line":37,"column":6},"end":{"line":39,"column":7}},"type":"if","locations":[{"start":{"line":37,"column":6},"end":{"line":39,"column":7}},{"start":{},"end":{}}],"line":37},"2":{"loc":{"start":{"line":37,"column":10},"end":{"line":37,"column":56}},"type":"binary-expr","locations":[{"start":{"line":37,"column":10},"end":{"line":37,"column":16}},{"start":{"line":37,"column":20},"end":{"line":37,"column":32}},{"start":{"line":37,"column":36},"end":{"line":37,"column":45}},{"start":{"line":37,"column":49},"end":{"line":37,"column":56}}],"line":37},"3":{"loc":{"start":{"line":45,"column":6},"end":{"line":47,"column":7}},"type":"if","locations":[{"start":{"line":45,"column":6},"end":{"line":47,"column":7}},{"start":{},"end":{}}],"line":45},"4":{"loc":{"start":{"line":48,"column":6},"end":{"line":50,"column":7}},"type":"if","locations":[{"start":{"line":48,"column":6},"end":{"line":50,"column":7}},{"start":{},"end":{}}],"line":48},"5":{"loc":{"start":{"line":65,"column":6},"end":{"line":67,"column":7}},"type":"if","locations":[{"start":{"line":65,"column":6},"end":{"line":67,"column":7}},{"start":{},"end":{}}],"line":65},"6":{"loc":{"start":{"line":81,"column":6},"end":{"line":83,"column":7}},"type":"if","locations":[{"start":{"line":81,"column":6},"end":{"line":83,"column":7}},{"start":{},"end":{}}],"line":81}},"s":{"0":1,"1":6,"2":6,"3":6,"4":6,"5":0,"6":3,"7":3,"8":3,"9":3,"10":2,"11":1,"12":0,"13":3,"14":3,"15":3,"16":1,"17":2,"18":2,"19":2,"20":1,"21":1,"22":0,"23":1,"24":1,"25":0,"26":2,"27":2,"28":2,"29":2,"30":1,"31":1,"32":0,"33":2,"34":2,"35":2,"36":2,"37":1,"38":1,"39":0,"40":1,"41":1,"42":1,"43":0},"f":{"0":6,"1":3,"2":3,"3":2,"4":2,"5":1},"b":{"0":[2,1],"1":[1,2],"2":[3,2,2,2],"3":[1,1],"4":[0,1],"5":[1,1],"6":[1,1]},"inputSourceMap":null,"_coverageSchema":"1a1c01bbd47fc00a2c39e90264f33305004495a9","hash":"222931135da06f9534bbc0f205ca277f2c36af05"}
,"/home/mariano/Documentos/Dev/UP/ArquitecturaWeb/vuintracker/backend/src/routes/findingsRoutes.js": {"path":"/home/mariano/Documentos/Dev/UP/ArquitecturaWeb/vuintracker/backend/src/routes/findingsRoutes.js","statementMap":{"0":{"start":{"line":4,"column":15},"end":{"line":4,"column":23}},"1":{"start":{"line":7,"column":0},"end":{"line":7,"column":51}},"2":{"start":{"line":8,"column":0},"end":{"line":8,"column":56}},"3":{"start":{"line":9,"column":0},"end":{"line":9,"column":52}},"4":{"start":{"line":10,"column":0},"end":{"line":10,"column":55}},"5":{"start":{"line":11,"column":0},"end":{"line":11,"column":58}},"6":{"start":{"line":14,"column":0},"end":{"line":14,"column":50}}},"fnMap":{},"branchMap":{},"s":{"0":1,"1":1,"2":1,"3":1,"4":1,"5":1,"6":1},"f":{},"b":{},"inputSourceMap":null,"_coverageSchema":"1a1c01bbd47fc00a2c39e90264f33305004495a9","hash":"b92cee3f7833103e07273b0726b06c604a3cc49c"}
,"/home/mariano/Documentos/Dev/UP/ArquitecturaWeb/vuintracker/backend/src/services/findingsService.js": {"path":"/home/mariano/Documentos/Dev/UP/ArquitecturaWeb/vuintracker/backend/src/services/findingsService.js","statementMap":{"0":{"start":{"line":3,"column":31},"end":{"line":64,"column":1}},"1":{"start":{"line":6,"column":15},"end":{"line":6,"column":30}},"2":{"start":{"line":7,"column":33},"end":{"line":7,"column":40}},"3":{"start":{"line":9,"column":4},"end":{"line":11,"column":5}},"4":{"start":{"line":10,"column":6},"end":{"line":10,"column":83}},"5":{"start":{"line":10,"column":30},"end":{"line":10,"column":81}},"6":{"start":{"line":12,"column":4},"end":{"line":14,"column":5}},"7":{"start":{"line":13,"column":6},"end":{"line":13,"column":79}},"8":{"start":{"line":13,"column":30},"end":{"line":13,"column":77}},"9":{"start":{"line":16,"column":4},"end":{"line":16,"column":16}},"10":{"start":{"line":20,"column":4},"end":{"line":20,"column":30}},"11":{"start":{"line":25,"column":4},"end":{"line":31,"column":7}},"12":{"start":{"line":35,"column":4},"end":{"line":35,"column":34}},"13":{"start":{"line":39,"column":4},"end":{"line":39,"column":28}},"14":{"start":{"line":44,"column":16},"end":{"line":44,"column":31}},"15":{"start":{"line":47,"column":18},"end":{"line":51,"column":5}},"16":{"start":{"line":53,"column":4},"end":{"line":60,"column":7}},"17":{"start":{"line":54,"column":6},"end":{"line":56,"column":7}},"18":{"start":{"line":55,"column":8},"end":{"line":55,"column":39}},"19":{"start":{"line":57,"column":6},"end":{"line":59,"column":7}},"20":{"start":{"line":58,"column":8},"end":{"line":58,"column":35}},"21":{"start":{"line":62,"column":4},"end":{"line":62,"column":17}}},"fnMap":{"0":{"name":"(anonymous_0)","decl":{"start":{"line":5,"column":10},"end":{"line":5,"column":11}},"loc":{"start":{"line":5,"column":23},"end":{"line":17,"column":3}},"line":5},"1":{"name":"(anonymous_1)","decl":{"start":{"line":10,"column":25},"end":{"line":10,"column":26}},"loc":{"start":{"line":10,"column":30},"end":{"line":10,"column":81}},"line":10},"2":{"name":"(anonymous_2)","decl":{"start":{"line":13,"column":25},"end":{"line":13,"column":26}},"loc":{"start":{"line":13,"column":30},"end":{"line":13,"column":77}},"line":13},"3":{"name":"(anonymous_3)","decl":{"start":{"line":19,"column":11},"end":{"line":19,"column":12}},"loc":{"start":{"line":19,"column":19},"end":{"line":21,"column":3}},"line":19},"4":{"name":"(anonymous_4)","decl":{"start":{"line":23,"column":10},"end":{"line":23,"column":11}},"loc":{"start":{"line":23,"column":20},"end":{"line":32,"column":3}},"line":23},"5":{"name":"(anonymous_5)","decl":{"start":{"line":34,"column":10},"end":{"line":34,"column":11}},"loc":{"start":{"line":34,"column":24},"end":{"line":36,"column":3}},"line":34},"6":{"name":"(anonymous_6)","decl":{"start":{"line":38,"column":10},"end":{"line":38,"column":11}},"loc":{"start":{"line":38,"column":18},"end":{"line":40,"column":3}},"line":38},"7":{"name":"(anonymous_7)","decl":{"start":{"line":43,"column":12},"end":{"line":43,"column":13}},"loc":{"start":{"line":43,"column":18},"end":{"line":63,"column":3}},"line":43},"8":{"name":"(anonymous_8)","decl":{"start":{"line":53,"column":16},"end":{"line":53,"column":17}},"loc":{"start":{"line":53,"column":21},"end":{"line":60,"column":5}},"line":53}},"branchMap":{"0":{"loc":{"start":{"line":9,"column":4},"end":{"line":11,"column":5}},"type":"if","locations":[{"start":{"line":9,"column":4},"end":{"line":11,"column":5}},{"start":{},"end":{}}],"line":9},"1":{"loc":{"start":{"line":12,"column":4},"end":{"line":14,"column":5}},"type":"if","locations":[{"start":{"line":12,"column":4},"end":{"line":14,"column":5}},{"start":{},"end":{}}],"line":12},"2":{"loc":{"start":{"line":30,"column":12},"end":{"line":30,"column":52}},"type":"cond-expr","locations":[{"start":{"line":30,"column":24},"end":{"line":30,"column":45}},{"start":{"line":30,"column":48},"end":{"line":30,"column":52}}],"line":30},"3":{"loc":{"start":{"line":54,"column":6},"end":{"line":56,"column":7}},"type":"if","locations":[{"start":{"line":54,"column":6},"end":{"line":56,"column":7}},{"start":{},"end":{}}],"line":54},"4":{"loc":{"start":{"line":57,"column":6},"end":{"line":59,"column":7}},"type":"if","locations":[{"start":{"line":57,"column":6},"end":{"line":59,"column":7}},{"start":{},"end":{}}],"line":57}},"s":{"0":1,"1":6,"2":6,"3":6,"4":1,"5":3,"6":6,"7":1,"8":3,"9":6,"10":3,"11":1,"12":2,"13":2,"14":1,"15":1,"16":1,"17":3,"18":3,"19":3,"20":3,"21":1},"f":{"0":6,"1":3,"2":3,"3":3,"4":1,"5":2,"6":2,"7":1,"8":3},"b":{"0":[1,5],"1":[1,5],"2":[1,0],"3":[3,0],"4":[3,0]},"inputSourceMap":null,"_coverageSchema":"1a1c01bbd47fc00a2c39e90264f33305004495a9","hash":"011973f439e5ab3108c7073d2df3ffaa971c04c4"}
,"/home/mariano/Documentos/Dev/UP/ArquitecturaWeb/vuintracker/backend/src/store/index.js": {"path":"/home/mariano/Documentos/Dev/UP/ArquitecturaWeb/vuintracker/backend/src/store/index.js","statementMap":{"0":{"start":{"line":4,"column":15},"end":{"line":4,"column":17}},"1":{"start":{"line":7,"column":28},"end":{"line":38,"column":1}},"2":{"start":{"line":8,"column":2},"end":{"line":36,"column":4}},"3":{"start":{"line":37,"column":2},"end":{"line":37,"column":108}},"4":{"start":{"line":41,"column":21},"end":{"line":76,"column":1}},"5":{"start":{"line":42,"column":17},"end":{"line":42,"column":25}},"6":{"start":{"line":44,"column":20},"end":{"line":44,"column":51}},"7":{"start":{"line":44,"column":39},"end":{"line":44,"column":50}},"8":{"start":{"line":47,"column":23},"end":{"line":51,"column":5}},"9":{"start":{"line":52,"column":4},"end":{"line":52,"column":30}},"10":{"start":{"line":53,"column":4},"end":{"line":53,"column":22}},"11":{"start":{"line":57,"column":18},"end":{"line":57,"column":54}},"12":{"start":{"line":57,"column":42},"end":{"line":57,"column":53}},"13":{"start":{"line":58,"column":4},"end":{"line":58,"column":34}},"14":{"start":{"line":58,"column":22},"end":{"line":58,"column":34}},"15":{"start":{"line":61,"column":4},"end":{"line":66,"column":6}},"16":{"start":{"line":67,"column":4},"end":{"line":67,"column":27}},"17":{"start":{"line":71,"column":18},"end":{"line":71,"column":54}},"18":{"start":{"line":71,"column":42},"end":{"line":71,"column":53}},"19":{"start":{"line":72,"column":4},"end":{"line":72,"column":35}},"20":{"start":{"line":72,"column":22},"end":{"line":72,"column":35}},"21":{"start":{"line":73,"column":4},"end":{"line":73,"column":30}},"22":{"start":{"line":74,"column":4},"end":{"line":74,"column":16}}},"fnMap":{"0":{"name":"(anonymous_0)","decl":{"start":{"line":7,"column":28},"end":{"line":7,"column":29}},"loc":{"start":{"line":7,"column":34},"end":{"line":38,"column":1}},"line":7},"1":{"name":"(anonymous_1)","decl":{"start":{"line":42,"column":11},"end":{"line":42,"column":12}},"loc":{"start":{"line":42,"column":17},"end":{"line":42,"column":25}},"line":42},"2":{"name":"(anonymous_2)","decl":{"start":{"line":44,"column":12},"end":{"line":44,"column":13}},"loc":{"start":{"line":44,"column":20},"end":{"line":44,"column":51}},"line":44},"3":{"name":"(anonymous_3)","decl":{"start":{"line":44,"column":34},"end":{"line":44,"column":35}},"loc":{"start":{"line":44,"column":39},"end":{"line":44,"column":50}},"line":44},"4":{"name":"(anonymous_4)","decl":{"start":{"line":46,"column":10},"end":{"line":46,"column":11}},"loc":{"start":{"line":46,"column":27},"end":{"line":54,"column":3}},"line":46},"5":{"name":"(anonymous_5)","decl":{"start":{"line":56,"column":10},"end":{"line":56,"column":11}},"loc":{"start":{"line":56,"column":31},"end":{"line":68,"column":3}},"line":56},"6":{"name":"(anonymous_6)","decl":{"start":{"line":57,"column":37},"end":{"line":57,"column":38}},"loc":{"start":{"line":57,"column":42},"end":{"line":57,"column":53}},"line":57},"7":{"name":"(anonymous_7)","decl":{"start":{"line":70,"column":10},"end":{"line":70,"column":11}},"loc":{"start":{"line":70,"column":18},"end":{"line":75,"column":3}},"line":70},"8":{"name":"(anonymous_8)","decl":{"start":{"line":71,"column":37},"end":{"line":71,"column":38}},"loc":{"start":{"line":71,"column":42},"end":{"line":71,"column":53}},"line":71}},"branchMap":{"0":{"loc":{"start":{"line":58,"column":4},"end":{"line":58,"column":34}},"type":"if","locations":[{"start":{"line":58,"column":4},"end":{"line":58,"column":34}},{"start":{},"end":{}}],"line":58},"1":{"loc":{"start":{"line":72,"column":4},"end":{"line":72,"column":35}},"type":"if","locations":[{"start":{"line":72,"column":4},"end":{"line":72,"column":35}},{"start":{},"end":{}}],"line":72}},"s":{"0":1,"1":1,"2":14,"3":14,"4":1,"5":7,"6":3,"7":6,"8":1,"9":1,"10":1,"11":2,"12":4,"13":2,"14":1,"15":1,"16":1,"17":2,"18":4,"19":2,"20":1,"21":1,"22":1},"f":{"0":14,"1":7,"2":3,"3":6,"4":1,"5":2,"6":4,"7":2,"8":4},"b":{"0":[1,1],"1":[1,1]},"inputSourceMap":null,"_coverageSchema":"1a1c01bbd47fc00a2c39e90264f33305004495a9","hash":"2edfdf020d6c05dc7e9869488f3a2e3a47ac31c5"}
}
