TN:
SF:src/app.js
FN:12,(anonymous_0)
FN:30,(anonymous_1)
FNF:2
FNH:1
FNDA:17,(anonymous_0)
FNDA:0,(anonymous_1)
DA:5,1
DA:6,1
DA:9,1
DA:12,1
DA:13,17
DA:14,17
DA:15,17
DA:16,17
DA:17,0
DA:19,17
DA:23,1
DA:26,1
DA:29,1
DA:30,0
DA:31,0
LF:15
LH:12
BRDA:16,0,0,0
BRDA:16,0,1,17
BRDA:29,1,0,0
BRDA:29,1,1,1
BRF:4
BRH:2
end_of_record
TN:
SF:src/controllers/findingsController.js
FN:5,(anonymous_0)
FN:16,(anonymous_1)
FN:32,(anonymous_2)
FN:60,(anonymous_3)
FN:76,(anonymous_4)
FN:92,(anonymous_5)
FNF:6
FNH:6
FNDA:6,(anonymous_0)
FNDA:3,(anonymous_1)
FNDA:3,(anonymous_2)
FNDA:2,(anonymous_3)
FNDA:2,(anonymous_4)
FNDA:1,(anonymous_5)
DA:3,1
DA:6,6
DA:7,6
DA:8,6
DA:9,6
DA:11,0
DA:17,3
DA:18,3
DA:19,3
DA:21,3
DA:22,2
DA:25,1
DA:27,0
DA:33,3
DA:34,3
DA:37,3
DA:38,1
DA:42,2
DA:43,2
DA:45,2
DA:46,1
DA:48,1
DA:49,0
DA:52,1
DA:53,1
DA:55,0
DA:61,2
DA:62,2
DA:63,2
DA:65,2
DA:66,1
DA:69,1
DA:71,0
DA:77,2
DA:78,2
DA:79,2
DA:81,2
DA:82,1
DA:85,1
DA:87,0
DA:93,1
DA:94,1
DA:95,1
DA:97,0
LF:44
LH:37
BRDA:21,0,0,2
BRDA:21,0,1,1
BRDA:37,1,0,1
BRDA:37,1,1,2
BRDA:37,2,0,3
BRDA:37,2,1,2
BRDA:37,2,2,2
BRDA:37,2,3,2
BRDA:45,3,0,1
BRDA:45,3,1,1
BRDA:48,4,0,0
BRDA:48,4,1,1
BRDA:65,5,0,1
BRDA:65,5,1,1
BRDA:81,6,0,1
BRDA:81,6,1,1
BRF:16
BRH:15
end_of_record
TN:
SF:src/routes/findingsRoutes.js
FNF:0
FNH:0
DA:4,1
DA:7,1
DA:8,1
DA:9,1
DA:10,1
DA:11,1
DA:14,1
LF:7
LH:7
BRF:0
BRH:0
end_of_record
TN:
SF:src/services/findingsService.js
FN:5,(anonymous_0)
FN:10,(anonymous_1)
FN:13,(anonymous_2)
FN:19,(anonymous_3)
FN:23,(anonymous_4)
FN:34,(anonymous_5)
FN:38,(anonymous_6)
FN:43,(anonymous_7)
FN:53,(anonymous_8)
FNF:9
FNH:9
FNDA:6,(anonymous_0)
FNDA:3,(anonymous_1)
FNDA:3,(anonymous_2)
FNDA:3,(anonymous_3)
FNDA:1,(anonymous_4)
FNDA:2,(anonymous_5)
FNDA:2,(anonymous_6)
FNDA:1,(anonymous_7)
FNDA:3,(anonymous_8)
DA:3,1
DA:6,6
DA:7,6
DA:9,6
DA:10,3
DA:12,6
DA:13,3
DA:16,6
DA:20,3
DA:25,1
DA:35,2
DA:39,2
DA:44,1
DA:47,1
DA:53,1
DA:54,3
DA:55,3
DA:57,3
DA:58,3
DA:62,1
LF:20
LH:20
BRDA:9,0,0,1
BRDA:9,0,1,5
BRDA:12,1,0,1
BRDA:12,1,1,5
BRDA:30,2,0,1
BRDA:30,2,1,0
BRDA:54,3,0,3
BRDA:54,3,1,0
BRDA:57,4,0,3
BRDA:57,4,1,0
BRF:10
BRH:7
end_of_record
TN:
SF:src/store/index.js
FN:7,(anonymous_0)
FN:42,(anonymous_1)
FN:44,(anonymous_2)
FN:44,(anonymous_3)
FN:46,(anonymous_4)
FN:56,(anonymous_5)
FN:57,(anonymous_6)
FN:70,(anonymous_7)
FN:71,(anonymous_8)
FNF:9
FNH:9
FNDA:14,(anonymous_0)
FNDA:7,(anonymous_1)
FNDA:3,(anonymous_2)
FNDA:6,(anonymous_3)
FNDA:1,(anonymous_4)
FNDA:2,(anonymous_5)
FNDA:4,(anonymous_6)
FNDA:2,(anonymous_7)
FNDA:4,(anonymous_8)
DA:4,1
DA:7,1
DA:8,14
DA:37,14
DA:41,1
DA:42,7
DA:44,6
DA:47,1
DA:52,1
DA:53,1
DA:57,4
DA:58,2
DA:61,1
DA:67,1
DA:71,4
DA:72,2
DA:73,1
DA:74,1
LF:18
LH:18
BRDA:58,0,0,1
BRDA:58,0,1,1
BRDA:72,1,0,1
BRDA:72,1,1,1
BRF:4
BRH:4
end_of_record
